Commit 1 on Sat Sep 14 16:10:58 UTC 2024
Commit 2 on Sat Sep 14 16:10:58 UTC 2024
Commit 1 on Sun Sep 15 02:17:28 UTC 2024
Commit 2 on Sun Sep 15 02:17:28 UTC 2024
Commit 3 on Sun Sep 15 02:17:28 UTC 2024
Commit 1 on Mon Sep 16 02:17:00 UTC 2024
Commit 1 on Tue Sep 17 01:47:07 UTC 2024
Commit 1 on Wed Sep 18 02:09:01 UTC 2024
Commit 2 on Wed Sep 18 02:09:01 UTC 2024
Commit 3 on Wed Sep 18 02:09:01 UTC 2024
Commit 4 on Wed Sep 18 02:09:01 UTC 2024
Commit 5 on Wed Sep 18 02:09:01 UTC 2024
Commit 1 on Thu Sep 19 02:10:59 UTC 2024
Commit 1 on Fri Sep 20 02:11:03 UTC 2024
Commit 2 on Fri Sep 20 02:11:03 UTC 2024
Commit 3 on Fri Sep 20 02:11:03 UTC 2024
Commit 4 on Fri Sep 20 02:11:03 UTC 2024
Commit 1 on Sat Sep 21 02:08:40 UTC 2024
Commit 2 on Sat Sep 21 02:08:40 UTC 2024
Commit 3 on Sat Sep 21 02:08:40 UTC 2024
Commit 4 on Sat Sep 21 02:08:40 UTC 2024
Commit 5 on Sat Sep 21 02:08:40 UTC 2024
Commit 1 on Sun Sep 22 02:18:10 UTC 2024
Commit 2 on Sun Sep 22 02:18:10 UTC 2024
Commit 3 on Sun Sep 22 02:18:10 UTC 2024
Commit 1 on Mon Sep 23 02:13:55 UTC 2024
Commit 1 on Tue Sep 24 02:14:27 UTC 2024
Commit 2 on Tue Sep 24 02:14:27 UTC 2024
Commit 1 on Wed Sep 25 02:15:17 UTC 2024
Commit 2 on Wed Sep 25 02:15:17 UTC 2024
Commit 1 on Thu Sep 26 02:13:19 UTC 2024
Commit 2 on Thu Sep 26 02:13:19 UTC 2024
Commit 3 on Thu Sep 26 02:13:19 UTC 2024
Commit 4 on Thu Sep 26 02:13:19 UTC 2024
Commit 1 on Fri Sep 27 02:14:13 UTC 2024
Commit 2 on Fri Sep 27 02:14:13 UTC 2024
Commit 3 on Fri Sep 27 02:14:13 UTC 2024
Commit 4 on Fri Sep 27 02:14:13 UTC 2024
Commit 5 on Fri Sep 27 02:14:13 UTC 2024
Commit 1 on Sat Sep 28 02:12:22 UTC 2024
Commit 2 on Sat Sep 28 02:12:22 UTC 2024
Commit 3 on Sat Sep 28 02:12:22 UTC 2024
Commit 1 on Sun Sep 29 02:19:51 UTC 2024
Commit 2 on Sun Sep 29 02:19:51 UTC 2024
Commit 3 on Sun Sep 29 02:19:51 UTC 2024
Commit 1 on Mon Sep 30 02:19:02 UTC 2024
Commit 1 on Tue Oct  1 02:22:27 UTC 2024
Commit 2 on Tue Oct  1 02:22:27 UTC 2024
Commit 3 on Tue Oct  1 02:22:27 UTC 2024
Commit 4 on Tue Oct  1 02:22:27 UTC 2024
Commit 5 on Tue Oct  1 02:22:27 UTC 2024
Commit 1 on Wed Oct  2 02:13:35 UTC 2024
Commit 2 on Wed Oct  2 02:13:35 UTC 2024
Commit 3 on Wed Oct  2 02:13:35 UTC 2024
Commit 4 on Wed Oct  2 02:13:35 UTC 2024
Commit 5 on Wed Oct  2 02:13:35 UTC 2024
Commit 1 on Thu Oct  3 02:14:21 UTC 2024
Commit 2 on Thu Oct  3 02:14:21 UTC 2024
Commit 3 on Thu Oct  3 02:14:21 UTC 2024
Commit 4 on Thu Oct  3 02:14:21 UTC 2024
Commit 1 on Fri Oct  4 02:14:20 UTC 2024
Commit 2 on Fri Oct  4 02:14:20 UTC 2024
Commit 3 on Fri Oct  4 02:14:20 UTC 2024
Commit 1 on Sat Oct  5 02:12:16 UTC 2024
Commit 2 on Sat Oct  5 02:12:16 UTC 2024
Commit 3 on Sat Oct  5 02:12:16 UTC 2024
Commit 1 on Sun Oct  6 02:19:31 UTC 2024
Commit 2 on Sun Oct  6 02:19:31 UTC 2024
Commit 3 on Sun Oct  6 02:19:31 UTC 2024
